<?xml version="1.0" encoding="UTF-8"?>
<testng-results skipped="0" failed="2" ignored="0" total="21" passed="19">
  <reporter-output>
  </reporter-output>
  <suite name="Finance Junction Test Report" duration-ms="189634" started-at="2019-04-30T10:21:15Z" finished-at="2019-04-30T10:24:24Z">
    <groups>
    </groups>
    <test name="Test Organization" duration-ms="34171" started-at="2019-04-30T10:21:15Z" finished-at="2019-04-30T10:21:49Z">
      <class name="com.stepDefination.VerifyTheOrganization">
        <test-method status="PASS" signature="openAddOgranizationPage()[pri:1, instance:com.stepDefination.VerifyTheOrganization@4efac082]" name="openAddOgranizationPage" duration-ms="3244" started-at="2019-04-30T10:21:22Z" finished-at="2019-04-30T10:21:26Z">
          <reporter-output>
          </reporter-output>
        </test-method> <!-- openAddOgranizationPage -->
        <test-method status="PASS" signature="verifyTheBusinessUnitIsDisplayed()[pri:2, instance:com.stepDefination.VerifyTheOrganization@4efac082]" name="verifyTheBusinessUnitIsDisplayed" duration-ms="47" started-at="2019-04-30T10:21:26Z" finished-at="2019-04-30T10:21:26Z">
          <reporter-output>
          </reporter-output>
        </test-method> <!-- verifyTheBusinessUnitIsDisplayed -->
        <test-method status="PASS" signature="verifyTheAddOrganization()[pri:3, instance:com.stepDefination.VerifyTheOrganization@4efac082]" name="verifyTheAddOrganization" duration-ms="6133" started-at="2019-04-30T10:21:26Z" finished-at="2019-04-30T10:21:32Z">
          <reporter-output>
          </reporter-output>
        </test-method> <!-- verifyTheAddOrganization -->
        <test-method status="PASS" signature="openViewOrganization()[pri:4, instance:com.stepDefination.VerifyTheOrganization@4efac082]" name="openViewOrganization" duration-ms="1047" started-at="2019-04-30T10:21:32Z" finished-at="2019-04-30T10:21:33Z">
          <reporter-output>
          </reporter-output>
        </test-method> <!-- openViewOrganization -->
        <test-method status="PASS" signature="verifyTheAddedOrganization()[pri:5, instance:com.stepDefination.VerifyTheOrganization@4efac082]" name="verifyTheAddedOrganization" duration-ms="15941" started-at="2019-04-30T10:21:33Z" finished-at="2019-04-30T10:21:49Z">
          <reporter-output>
          </reporter-output>
        </test-method> <!-- verifyTheAddedOrganization -->
      </class> <!-- com.stepDefination.VerifyTheOrganization -->
      <class name="com.utilComponents.Hooks">
        <test-method status="PASS" signature="login()[pri:0, instance:com.utilComponents.Hooks@59505b48]" name="login" is-config="true" duration-ms="7558" started-at="2019-04-30T10:21:15Z" finished-at="2019-04-30T10:21:22Z">
          <reporter-output>
          </reporter-output>
        </test-method> <!-- login -->
        <test-method status="PASS" signature="loggout()[pri:0, instance:com.utilComponents.Hooks@59505b48]" name="loggout" is-config="true" duration-ms="161" started-at="2019-04-30T10:21:49Z" finished-at="2019-04-30T10:21:49Z">
          <reporter-output>
          </reporter-output>
        </test-method> <!-- loggout -->
      </class> <!-- com.utilComponents.Hooks -->
    </test> <!-- Test Organization -->
    <test name="The Branch" duration-ms="40133" started-at="2019-04-30T10:21:49Z" finished-at="2019-04-30T10:22:29Z">
      <class name="com.stepDefination.VerifyTheBranch">
        <test-method status="PASS" signature="openAddBranchPage()[pri:6, instance:com.stepDefination.VerifyTheBranch@25641d39]" name="openAddBranchPage" duration-ms="2600" started-at="2019-04-30T10:21:51Z" finished-at="2019-04-30T10:21:54Z">
          <reporter-output>
          </reporter-output>
        </test-method> <!-- openAddBranchPage -->
        <test-method status="PASS" signature="verifyAddBranch()[pri:7, instance:com.stepDefination.VerifyTheBranch@25641d39]" name="verifyAddBranch" duration-ms="14221" started-at="2019-04-30T10:21:54Z" finished-at="2019-04-30T10:22:08Z">
          <reporter-output>
          </reporter-output>
        </test-method> <!-- verifyAddBranch -->
        <test-method status="PASS" signature="openViewBranchPage()[pri:8, instance:com.stepDefination.VerifyTheBranch@25641d39]" name="openViewBranchPage" duration-ms="3647" started-at="2019-04-30T10:22:08Z" finished-at="2019-04-30T10:22:12Z">
          <reporter-output>
          </reporter-output>
        </test-method> <!-- openViewBranchPage -->
        <test-method status="PASS" signature="verifyTheAddedBranch()[pri:9, instance:com.stepDefination.VerifyTheBranch@25641d39]" name="verifyTheAddedBranch" duration-ms="11884" started-at="2019-04-30T10:22:12Z" finished-at="2019-04-30T10:22:24Z">
          <reporter-output>
          </reporter-output>
        </test-method> <!-- verifyTheAddedBranch -->
      </class> <!-- com.stepDefination.VerifyTheBranch -->
      <class name="com.utilComponents.Hooks">
        <test-method status="PASS" signature="login()[pri:0, instance:com.utilComponents.Hooks@4a883b15]" name="login" is-config="true" duration-ms="2059" started-at="2019-04-30T10:21:49Z" finished-at="2019-04-30T10:21:51Z">
          <reporter-output>
          </reporter-output>
        </test-method> <!-- login -->
        <test-method status="PASS" signature="loggout()[pri:0, instance:com.utilComponents.Hooks@4a883b15]" name="loggout" is-config="true" duration-ms="5720" started-at="2019-04-30T10:22:24Z" finished-at="2019-04-30T10:22:29Z">
          <reporter-output>
          </reporter-output>
        </test-method> <!-- loggout -->
      </class> <!-- com.utilComponents.Hooks -->
    </test> <!-- The Branch -->
    <test name="Regression Testing" duration-ms="55633" started-at="2019-04-30T10:22:29Z" finished-at="2019-04-30T10:23:25Z">
      <class name="com.stepDefination.VerifyTheUser">
        <test-method status="PASS" signature="openAddUserPage()[pri:10, instance:com.stepDefination.VerifyTheUser@4b45a2f5]" name="openAddUserPage" duration-ms="2987" started-at="2019-04-30T10:22:36Z" finished-at="2019-04-30T10:22:39Z">
          <reporter-output>
          </reporter-output>
        </test-method> <!-- openAddUserPage -->
        <test-method status="PASS" signature="verifyAddUser()[pri:11, instance:com.stepDefination.VerifyTheUser@4b45a2f5]" name="verifyAddUser" duration-ms="11456" started-at="2019-04-30T10:22:39Z" finished-at="2019-04-30T10:22:51Z">
          <reporter-output>
          </reporter-output>
        </test-method> <!-- verifyAddUser -->
        <test-method status="PASS" signature="openViewUserPage()[pri:12, instance:com.stepDefination.VerifyTheUser@4b45a2f5]" name="openViewUserPage" duration-ms="2606" started-at="2019-04-30T10:22:51Z" finished-at="2019-04-30T10:22:53Z">
          <reporter-output>
          </reporter-output>
        </test-method> <!-- openViewUserPage -->
        <test-method status="PASS" signature="verifyTheAddedUser()[pri:13, instance:com.stepDefination.VerifyTheUser@4b45a2f5]" name="verifyTheAddedUser" duration-ms="8793" started-at="2019-04-30T10:22:53Z" finished-at="2019-04-30T10:23:02Z">
          <reporter-output>
          </reporter-output>
        </test-method> <!-- verifyTheAddedUser -->
      </class> <!-- com.stepDefination.VerifyTheUser -->
      <class name="com.stepDefination.VerifyTheReportAndHistory">
        <test-method status="PASS" signature="navigateToReportDetails()[pri:14, instance:com.stepDefination.VerifyTheReportAndHistory@f09733f]" name="navigateToReportDetails" duration-ms="466" started-at="2019-04-30T10:23:02Z" finished-at="2019-04-30T10:23:03Z">
          <reporter-output>
          </reporter-output>
        </test-method> <!-- navigateToReportDetails -->
        <test-method status="PASS" signature="verifyTheReportDetails()[pri:15, instance:com.stepDefination.VerifyTheReportAndHistory@f09733f]" name="verifyTheReportDetails" duration-ms="4852" started-at="2019-04-30T10:23:03Z" finished-at="2019-04-30T10:23:07Z">
          <reporter-output>
          </reporter-output>
        </test-method> <!-- verifyTheReportDetails -->
        <test-method status="PASS" signature="navigateToReportHistory()[pri:16, instance:com.stepDefination.VerifyTheReportAndHistory@f09733f]" name="navigateToReportHistory" duration-ms="466" started-at="2019-04-30T10:23:07Z" finished-at="2019-04-30T10:23:08Z">
          <reporter-output>
          </reporter-output>
        </test-method> <!-- navigateToReportHistory -->
        <test-method status="PASS" signature="verifyTheReportHistory()[pri:17, instance:com.stepDefination.VerifyTheReportAndHistory@f09733f]" name="verifyTheReportHistory" duration-ms="11071" started-at="2019-04-30T10:23:08Z" finished-at="2019-04-30T10:23:19Z">
          <reporter-output>
          </reporter-output>
        </test-method> <!-- verifyTheReportHistory -->
      </class> <!-- com.stepDefination.VerifyTheReportAndHistory -->
      <class name="com.utilComponents.Hooks">
        <test-method status="PASS" signature="login()[pri:0, instance:com.utilComponents.Hooks@38cee291]" name="login" is-config="true" duration-ms="6936" started-at="2019-04-30T10:22:29Z" finished-at="2019-04-30T10:22:36Z">
          <reporter-output>
          </reporter-output>
        </test-method> <!-- login -->
        <test-method status="PASS" signature="loggout()[pri:0, instance:com.utilComponents.Hooks@38cee291]" name="loggout" is-config="true" duration-ms="5996" started-at="2019-04-30T10:23:19Z" finished-at="2019-04-30T10:23:25Z">
          <reporter-output>
          </reporter-output>
        </test-method> <!-- loggout -->
      </class> <!-- com.utilComponents.Hooks -->
    </test> <!-- Regression Testing -->
    <test name="Integration Testing" duration-ms="59547" started-at="2019-04-30T10:23:25Z" finished-at="2019-04-30T10:24:24Z">
      <class name="com.utilComponents.Hooks">
        <test-method status="PASS" signature="login()[pri:0, instance:com.utilComponents.Hooks@6c1a5b54]" name="login" is-config="true" duration-ms="7313" started-at="2019-04-30T10:23:25Z" finished-at="2019-04-30T10:23:32Z">
          <reporter-output>
          </reporter-output>
        </test-method> <!-- login -->
        <test-method status="PASS" signature="loggout()[pri:0, instance:com.utilComponents.Hooks@6c1a5b54]" name="loggout" is-config="true" duration-ms="2013" started-at="2019-04-30T10:24:22Z" finished-at="2019-04-30T10:24:24Z">
          <reporter-output>
          </reporter-output>
        </test-method> <!-- loggout -->
        <test-method status="PASS" signature="tearDown()[pri:0, instance:com.utilComponents.Hooks@6c1a5b54]" name="tearDown" is-config="true" duration-ms="1157" started-at="2019-04-30T10:24:25Z" finished-at="2019-04-30T10:24:26Z">
          <reporter-output>
          </reporter-output>
        </test-method> <!-- tearDown -->
      </class> <!-- com.utilComponents.Hooks -->
      <class name="com.stepDefination.VerifyTheFinanceRequestValidationOfEPSUser">
        <test-method status="FAIL" signature="verifyEPSlogin()[pri:18, instance:com.stepDefination.VerifyTheFinanceRequestValidationOfEPSUser@1c7696c6]" name="verifyEPSlogin" duration-ms="44049" started-at="2019-04-30T10:23:32Z" finished-at="2019-04-30T10:24:16Z">
          <exception class="org.openqa.selenium.NoSuchElementException">
            <message>
              <![CDATA[Cannot locate element with text: CHIPS
For documentation on this error, please visit: http://seleniumhq.org/exceptions/no_such_element.html
Build info: version: '3.141.5', revision: 'd54ebd709a', time: '2018-11-06T11:42:16'
System info: host: 'MJLT-1363', ip: '172.16.16.163', os.name: 'Windows 10', os.arch: 'amd64', os.version: '10.0', java.version: '1.8.0_202'
Driver info: driver.version: unknown]]>
            </message>
            <full-stacktrace>
              <![CDATA[org.openqa.selenium.NoSuchElementException: Cannot locate element with text: CHIPS
For documentation on this error, please visit: http://seleniumhq.org/exceptions/no_such_element.html
Build info: version: '3.141.5', revision: 'd54ebd709a', time: '2018-11-06T11:42:16'
System info: host: 'MJLT-1363', ip: '172.16.16.163', os.name: 'Windows 10', os.arch: 'amd64', os.version: '10.0', java.version: '1.8.0_202'
Driver info: driver.version: unknown
at org.openqa.selenium.support.ui.Select.selectByVisibleText(Select.java:141)
at com.pageObject.EpsUser.epsSelectorganization(EpsUser.java:107)
at com.stepDefination.VerifyTheFinanceRequestValidationOfEPSUser.verifyEPSlogin(VerifyTheFinanceRequestValidationOfEPSUser.java:25)
at sun.reflect.NativeMethodAccessorImpl.invoke0(Native Method)
at sun.reflect.NativeMethodAccessorImpl.invoke(NativeMethodAccessorImpl.java:62)
at sun.reflect.DelegatingMethodAccessorImpl.invoke(DelegatingMethodAccessorImpl.java:43)
at java.lang.reflect.Method.invoke(Method.java:498)
at org.testng.internal.MethodInvocationHelper.invokeMethod(MethodInvocationHelper.java:124)
at org.testng.internal.Invoker.invokeMethod(Invoker.java:583)
at org.testng.internal.Invoker.invokeTestMethod(Invoker.java:719)
at org.testng.internal.Invoker.invokeTestMethods(Invoker.java:989)
at org.testng.internal.TestMethodWorker.invokeTestMethods(TestMethodWorker.java:125)
at org.testng.internal.TestMethodWorker.run(TestMethodWorker.java:109)
at org.testng.TestRunner.privateRun(TestRunner.java:648)
at org.testng.TestRunner.run(TestRunner.java:505)
at org.testng.SuiteRunner.runTest(SuiteRunner.java:455)
at org.testng.SuiteRunner.runSequentially(SuiteRunner.java:450)
at org.testng.SuiteRunner.privateRun(SuiteRunner.java:415)
at org.testng.SuiteRunner.run(SuiteRunner.java:364)
at org.testng.SuiteRunnerWorker.runSuite(SuiteRunnerWorker.java:52)
at org.testng.SuiteRunnerWorker.run(SuiteRunnerWorker.java:84)
at org.testng.TestNG.runSuitesSequentially(TestNG.java:1208)
at org.testng.TestNG.runSuitesLocally(TestNG.java:1137)
at org.testng.TestNG.runSuites(TestNG.java:1049)
at org.testng.TestNG.run(TestNG.java:1017)
at org.testng.IDEARemoteTestNG.run(IDEARemoteTestNG.java:72)
at org.testng.RemoteTestNGStarter.main(RemoteTestNGStarter.java:123)
]]>
            </full-stacktrace>
          </exception> <!-- org.openqa.selenium.NoSuchElementException -->
          <reporter-output>
          </reporter-output>
        </test-method> <!-- verifyEPSlogin -->
        <test-method status="PASS" signature="verifyTheEPSDashboard()[pri:19, instance:com.stepDefination.VerifyTheFinanceRequestValidationOfEPSUser@1c7696c6]" name="verifyTheEPSDashboard" duration-ms="2067" started-at="2019-04-30T10:24:16Z" finished-at="2019-04-30T10:24:18Z">
          <reporter-output>
          </reporter-output>
        </test-method> <!-- verifyTheEPSDashboard -->
        <test-method status="FAIL" signature="verifyTheEPSUserDashBoardAtFJ()[pri:20, instance:com.stepDefination.VerifyTheFinanceRequestValidationOfEPSUser@1c7696c6]" name="verifyTheEPSUserDashBoardAtFJ" duration-ms="2033" started-at="2019-04-30T10:24:18Z" finished-at="2019-04-30T10:24:20Z">
          <exception class="org.openqa.selenium.NoSuchElementException">
            <message>
              <![CDATA[no such element: Unable to locate element: {"method":"xpath","selector":"//a[@class='dropdown-toggle'][contains(text(),'Finance Request')]"}
  (Session info: chrome=74.0.3729.108)
  (Driver info: chromedriver=74.0.3729.6 (255758eccf3d244491b8a1317aa76e1ce10d57e9-refs/branch-heads/3729@{#29}),platform=Windows NT 10.0.17763 x86_64) (WARNING: The server did not provide any stacktrace information)
Command duration or timeout: 0 milliseconds
For documentation on this error, please visit: http://seleniumhq.org/exceptions/no_such_element.html
Build info: version: '3.141.5', revision: 'd54ebd709a', time: '2018-11-06T11:42:16'
System info: host: 'MJLT-1363', ip: '172.16.16.163', os.name: 'Windows 10', os.arch: 'amd64', os.version: '10.0', java.version: '1.8.0_202'
Driver info: org.openqa.selenium.chrome.ChromeDriver
Capabilities {acceptInsecureCerts: false, acceptSslCerts: false, applicationCacheEnabled: false, browserConnectionEnabled: false, browserName: chrome, chrome: {chromedriverVersion: 74.0.3729.6 (255758eccf3d24..., userDataDir: C:\Users\SOMNAT~1.CHA\AppDa...}, cssSelectorsEnabled: true, databaseEnabled: false, goog:chromeOptions: {debuggerAddress: localhost:52834}, handlesAlerts: true, hasTouchScreen: false, javascriptEnabled: true, locationContextEnabled: true, mobileEmulationEnabled: false, nativeEvents: true, networkConnectionEnabled: false, pageLoadStrategy: normal, platform: XP, platformName: XP, proxy: Proxy(), rotatable: false, setWindowRect: true, strictFileInteractability: false, takesHeapSnapshot: true, takesScreenshot: true, timeouts: {implicit: 0, pageLoad: 300000, script: 30000}, unexpectedAlertBehaviour: ignore, unhandledPromptBehavior: ignore, version: 74.0.3729.108, webStorageEnabled: true}
Session ID: e4ef7591507a5c72ad6a7cc88939c2a4
*** Element info: {Using=xpath, value=//a[@class='dropdown-toggle'][contains(text(),'Finance Request')]}]]>
            </message>
            <full-stacktrace>
              <![CDATA[org.openqa.selenium.NoSuchElementException: no such element: Unable to locate element: {"method":"xpath","selector":"//a[@class='dropdown-toggle'][contains(text(),'Finance Request')]"}
  (Session info: chrome=74.0.3729.108)
  (Driver info: chromedriver=74.0.3729.6 (255758eccf3d244491b8a1317aa76e1ce10d57e9-refs/branch-heads/3729@{#29}),platform=Windows NT 10.0.17763 x86_64) (WARNING: The server did not provide any stacktrace information)
Command duration or timeout: 0 milliseconds
For documentation on this error, please visit: http://seleniumhq.org/exceptions/no_such_element.html
Build info: version: '3.141.5', revision: 'd54ebd709a', time: '2018-11-06T11:42:16'
System info: host: 'MJLT-1363', ip: '172.16.16.163', os.name: 'Windows 10', os.arch: 'amd64', os.version: '10.0', java.version: '1.8.0_202'
Driver info: org.openqa.selenium.chrome.ChromeDriver
Capabilities {acceptInsecureCerts: false, acceptSslCerts: false, applicationCacheEnabled: false, browserConnectionEnabled: false, browserName: chrome, chrome: {chromedriverVersion: 74.0.3729.6 (255758eccf3d24..., userDataDir: C:\Users\SOMNAT~1.CHA\AppDa...}, cssSelectorsEnabled: true, databaseEnabled: false, goog:chromeOptions: {debuggerAddress: localhost:52834}, handlesAlerts: true, hasTouchScreen: false, javascriptEnabled: true, locationContextEnabled: true, mobileEmulationEnabled: false, nativeEvents: true, networkConnectionEnabled: false, pageLoadStrategy: normal, platform: XP, platformName: XP, proxy: Proxy(), rotatable: false, setWindowRect: true, strictFileInteractability: false, takesHeapSnapshot: true, takesScreenshot: true, timeouts: {implicit: 0, pageLoad: 300000, script: 30000}, unexpectedAlertBehaviour: ignore, unhandledPromptBehavior: ignore, version: 74.0.3729.108, webStorageEnabled: true}
Session ID: e4ef7591507a5c72ad6a7cc88939c2a4
*** Element info: {Using=xpath, value=//a[@class='dropdown-toggle'][contains(text(),'Finance Request')]}
at sun.reflect.NativeConstructorAccessorImpl.newInstance0(Native Method)
at sun.reflect.NativeConstructorAccessorImpl.newInstance(NativeConstructorAccessorImpl.java:62)
at sun.reflect.DelegatingConstructorAccessorImpl.newInstance(DelegatingConstructorAccessorImpl.java:45)
at java.lang.reflect.Constructor.newInstance(Constructor.java:423)
at org.openqa.selenium.remote.ErrorHandler.createThrowable(ErrorHandler.java:214)
at org.openqa.selenium.remote.ErrorHandler.throwIfResponseFailed(ErrorHandler.java:166)
at org.openqa.selenium.remote.http.JsonHttpResponseCodec.reconstructValue(JsonHttpResponseCodec.java:40)
at org.openqa.selenium.remote.http.AbstractHttpResponseCodec.decode(AbstractHttpResponseCodec.java:80)
at org.openqa.selenium.remote.http.AbstractHttpResponseCodec.decode(AbstractHttpResponseCodec.java:44)
at org.openqa.selenium.remote.HttpCommandExecutor.execute(HttpCommandExecutor.java:158)
at org.openqa.selenium.remote.service.DriverCommandExecutor.execute(DriverCommandExecutor.java:83)
at org.openqa.selenium.remote.RemoteWebDriver.execute(RemoteWebDriver.java:552)
at org.openqa.selenium.remote.RemoteWebDriver.findElement(RemoteWebDriver.java:323)
at org.openqa.selenium.remote.RemoteWebDriver.findElementByXPath(RemoteWebDriver.java:428)
at org.openqa.selenium.By$ByXPath.findElement(By.java:353)
at org.openqa.selenium.remote.RemoteWebDriver.findElement(RemoteWebDriver.java:315)
at org.openqa.selenium.support.pagefactory.DefaultElementLocator.findElement(DefaultElementLocator.java:69)
at org.openqa.selenium.support.pagefactory.internal.LocatingElementHandler.invoke(LocatingElementHandler.java:38)
at com.sun.proxy.$Proxy7.click(Unknown Source)
at com.pageObject.EpsUser.addFinanceReqest(EpsUser.java:134)
at com.stepDefination.VerifyTheFinanceRequestValidationOfEPSUser.verifyTheEPSUserDashBoardAtFJ(VerifyTheFinanceRequestValidationOfEPSUser.java:36)
at sun.reflect.NativeMethodAccessorImpl.invoke0(Native Method)
at sun.reflect.NativeMethodAccessorImpl.invoke(NativeMethodAccessorImpl.java:62)
at sun.reflect.DelegatingMethodAccessorImpl.invoke(DelegatingMethodAccessorImpl.java:43)
at java.lang.reflect.Method.invoke(Method.java:498)
at org.testng.internal.MethodInvocationHelper.invokeMethod(MethodInvocationHelper.java:124)
at org.testng.internal.Invoker.invokeMethod(Invoker.java:583)
at org.testng.internal.Invoker.invokeTestMethod(Invoker.java:719)
at org.testng.internal.Invoker.invokeTestMethods(Invoker.java:989)
at org.testng.internal.TestMethodWorker.invokeTestMethods(TestMethodWorker.java:125)
at org.testng.internal.TestMethodWorker.run(TestMethodWorker.java:109)
at org.testng.TestRunner.privateRun(TestRunner.java:648)
at org.testng.TestRunner.run(TestRunner.java:505)
at org.testng.SuiteRunner.runTest(SuiteRunner.java:455)
at org.testng.SuiteRunner.runSequentially(SuiteRunner.java:450)
at org.testng.SuiteRunner.privateRun(SuiteRunner.java:415)
at org.testng.SuiteRunner.run(SuiteRunner.java:364)
at org.testng.SuiteRunnerWorker.runSuite(SuiteRunnerWorker.java:52)
at org.testng.SuiteRunnerWorker.run(SuiteRunnerWorker.java:84)
at org.testng.TestNG.runSuitesSequentially(TestNG.java:1208)
at org.testng.TestNG.runSuitesLocally(TestNG.java:1137)
at org.testng.TestNG.runSuites(TestNG.java:1049)
at org.testng.TestNG.run(TestNG.java:1017)
at org.testng.IDEARemoteTestNG.run(IDEARemoteTestNG.java:72)
at org.testng.RemoteTestNGStarter.main(RemoteTestNGStarter.java:123)
]]>
            </full-stacktrace>
          </exception> <!-- org.openqa.selenium.NoSuchElementException -->
          <reporter-output>
          </reporter-output>
        </test-method> <!-- verifyTheEPSUserDashBoardAtFJ -->
        <test-method status="PASS" signature="ModifyTheLatestFinanceRequest()[pri:21, instance:com.stepDefination.VerifyTheFinanceRequestValidationOfEPSUser@1c7696c6]" name="ModifyTheLatestFinanceRequest" duration-ms="2049" started-at="2019-04-30T10:24:20Z" finished-at="2019-04-30T10:24:22Z">
          <reporter-output>
          </reporter-output>
        </test-method> <!-- ModifyTheLatestFinanceRequest -->
      </class> <!-- com.stepDefination.VerifyTheFinanceRequestValidationOfEPSUser -->
    </test> <!-- Integration Testing -->
  </suite> <!-- Finance Junction Test Report -->
</testng-results>
